2018-02-07 15:32:45.618  INFO 12500 --- [restartedMain] com.el.excute.ExcuteApplication          : Starting ExcuteApplication on fox with PID 12500 (D:\IdeaWorkSpace\el-xxx-excute\build\classes\main started by 刁丹峰-PC in D:\IdeaWorkSpace\el-xxx-excute)
2018-02-07 15:32:45.621 DEBUG 12500 --- [restartedMain] com.el.excute.ExcuteApplication          : Running with Spring Boot v1.5.9.RELEASE, Spring v4.3.13.RELEASE
2018-02-07 15:32:45.622  INFO 12500 --- [restartedMain] com.el.excute.ExcuteApplication          : The following profiles are active: prod,dev
2018-02-07 15:32:45.931  INFO 12500 --- [restartedMain] ationConfigEmbeddedWebApplicationContext : Refreshing org.springframework.boot.context.embedded.AnnotationConfigEmbeddedWebApplicationContext@246619d7: startup date [Wed Feb 07 15:32:45 CST 2018]; root of context hierarchy
2018-02-07 15:32:47.008  WARN 12500 --- [restartedMain] o.m.s.mapper.ClassPathMapperScanner      : No MyBatis mapper was found in '[com.el.excute]' package. Please check your configuration.
2018-02-07 15:32:47.108  WARN 12500 --- [restartedMain] o.s.c.a.ConfigurationClassPostProcessor  : Cannot enhance @Configuration bean definition 'customJdbcConfig' since its singleton instance has been created too early. The typical cause is a non-static @Bean method with a BeanDefinitionRegistryPostProcessor return type: Consider declaring such methods as 'static'.
2018-02-07 15:32:47.674  INFO 12500 --- [restartedMain] com.el.excute.jdbc.MybatisConfig         : [CORE-JDBC] dataSource: ConnectionPool[defaultAutoCommit=false; defaultReadOnly=null; defaultTransactionIsolation=-1; defaultCatalog=null; driverClassName=com.mysql.jdbc.Driver; maxActive=200; maxIdle=100; minIdle=20; initialSize=20; maxWait=10000; testOnBorrow=true; testOnReturn=false; timeBetweenEvictionRunsMillis=60000; numTestsPerEvictionRun=0; minEvictableIdleTimeMillis=60000; testWhileIdle=true; testOnConnect=true; password=********; url=jdbc:mysql://localhost:3306/xxx_excute?useSSL=false&characterEncoding=utf8; username=root; validationQuery=SELECT 1; validationQueryTimeout=-1; validatorClassName=null; validationInterval=30000; accessToUnderlyingConnectionAllowed=true; removeAbandoned=true; removeAbandonedTimeout=40; logAbandoned=true; connectionProperties=null; initSQL=null; jdbcInterceptors=ConnectionState;StatementFinalizer; jmxEnabled=false; fairQueue=true; useEquals=true; abandonWhenPercentageFull=0; maxAge=0; useLock=false; dataSource=null; dataSourceJNDI=null; suspectTimeout=0; alternateUsernameAllowed=false; commitOnReturn=false; rollbackOnReturn=false; useDisposableConnectionFacade=true; logValidationErrors=true; propagateInterruptState=false; ignoreExceptionOnPreLoad=false; useStatementFacade=true; 
2018-02-07 15:32:48.249  INFO 12500 --- [restartedMain] s.b.c.e.t.TomcatEmbeddedServletContainer : Tomcat initialized with port(s): 9000 (http)
2018-02-07 15:32:48.264  INFO 12500 --- [restartedMain] o.apache.catalina.core.StandardService   : Starting service [Tomcat]
2018-02-07 15:32:48.265  INFO 12500 --- [restartedMain] org.apache.catalina.core.StandardEngine  : Starting Servlet Engine: Apache Tomcat/8.5.23
2018-02-07 15:32:48.392  INFO 12500 --- [localhost-startStop-1] o.a.c.c.C.[Tomcat].[localhost].[/]       : Initializing Spring embedded WebApplicationContext
2018-02-07 15:32:48.392  INFO 12500 --- [localhost-startStop-1] o.s.web.context.ContextLoader            : Root WebApplicationContext: initialization completed in 2465 ms
2018-02-07 15:32:48.557  INFO 12500 --- [localhost-startStop-1] o.s.b.w.servlet.ServletRegistrationBean  : Mapping servlet: 'dispatcherServlet' to [/]
2018-02-07 15:32:48.562  INFO 12500 --- [localhost-startStop-1] o.s.b.w.servlet.FilterRegistrationBean   : Mapping filter: 'characterEncodingFilter' to: [/*]
2018-02-07 15:32:48.562  INFO 12500 --- [localhost-startStop-1] o.s.b.w.servlet.FilterRegistrationBean   : Mapping filter: 'hiddenHttpMethodFilter' to: [/*]
2018-02-07 15:32:48.562  INFO 12500 --- [localhost-startStop-1] o.s.b.w.servlet.FilterRegistrationBean   : Mapping filter: 'httpPutFormContentFilter' to: [/*]
2018-02-07 15:32:48.562  INFO 12500 --- [localhost-startStop-1] o.s.b.w.servlet.FilterRegistrationBean   : Mapping filter: 'requestContextFilter' to: [/*]
2018-02-07 15:32:48.597  INFO 12500 --- [restartedMain] com.el.excute.jdbc.CustomJdbcConfig      : [CUST-JDBC] purifyStringTypeHandler
2018-02-07 15:32:48.607  INFO 12500 --- [restartedMain] com.el.excute.jdbc.CustomJdbcConfig      : [CUST-JDBC] booleanTypeHandler
2018-02-07 15:32:48.616  INFO 12500 --- [restartedMain] com.el.excute.jdbc.MybatisConfig         : [CORE-JDBC] sqlSessionFactory
2018-02-07 15:32:48.654  INFO 12500 --- [restartedMain] com.el.excute.jdbc.MybatisConfig         : [CORE-JDBC] sqlSessionTemplate
2018-02-07 15:32:49.085  INFO 12500 --- [restartedMain] s.w.s.m.m.a.RequestMappingHandlerAdapter : Looking for @ControllerAdvice: org.springframework.boot.context.embedded.AnnotationConfigEmbeddedWebApplicationContext@246619d7: startup date [Wed Feb 07 15:32:45 CST 2018]; root of context hierarchy
2018-02-07 15:32:49.160  INFO 12500 --- [restartedMain] s.w.s.m.m.a.RequestMappingHandlerMapping : Mapped "{[/error]}" onto public org.springframework.http.ResponseEntity<java.util.Map<java.lang.String, java.lang.Object>> org.springframework.boot.autoconfigure.web.BasicErrorController.error(javax.servlet.http.HttpServletRequest)
2018-02-07 15:32:49.162  INFO 12500 --- [restartedMain] s.w.s.m.m.a.RequestMappingHandlerMapping : Mapped "{[/error],produces=[text/html]}" onto public org.springframework.web.servlet.ModelAndView org.springframework.boot.autoconfigure.web.BasicErrorController.errorHtml(javax.servlet.http.HttpServletRequest,javax.servlet.http.HttpServletResponse)
2018-02-07 15:32:49.198  INFO 12500 --- [restartedMain] o.s.w.s.handler.SimpleUrlHandlerMapping  : Mapped URL path [/webjars/**] onto handler of type [class org.springframework.web.servlet.resource.ResourceHttpRequestHandler]
2018-02-07 15:32:49.198  INFO 12500 --- [restartedMain] o.s.w.s.handler.SimpleUrlHandlerMapping  : Mapped URL path [/**] onto handler of type [class org.springframework.web.servlet.resource.ResourceHttpRequestHandler]
2018-02-07 15:32:49.247  INFO 12500 --- [restartedMain] o.s.w.s.handler.SimpleUrlHandlerMapping  : Mapped URL path [/**/favicon.ico] onto handler of type [class org.springframework.web.servlet.resource.ResourceHttpRequestHandler]
2018-02-07 15:32:49.497  INFO 12500 --- [restartedMain] org.camunda.bpm.spring.boot              : STARTER-SB040 Setting up jobExecutor with pool-size 1
2018-02-07 15:32:49.505  INFO 12500 --- [restartedMain] o.s.s.concurrent.ThreadPoolTaskExecutor  : Initializing ExecutorService  'camundaTaskExecutor'
2018-02-07 15:32:49.622  INFO 12500 --- [restartedMain] org.camunda.bpm.engine.cfg               : ENGINE-12003 Plugin 'CompositeProcessEnginePlugin[genericPropertiesConfiguration, camundaProcessEngineConfiguration, camundaDatasourceConfiguration, camundaJobConfiguration, camundaHistoryConfiguration, camundaMetricsConfiguration, camundaAuthorizationConfiguration, camundaDeploymentConfiguration, failedJobConfiguration]' activated on process engine 'default'
2018-02-07 15:32:50.681  INFO 12500 --- [restartedMain] org.camunda.bpm.spring.boot              : STARTER-SB021 Auto-Deploying resources: []
2018-02-07 15:32:53.279  INFO 12500 --- [restartedMain] org.camunda.bpm.engine                   : ENGINE-00001 Process Engine default created.
2018-02-07 15:32:53.806  INFO 12500 --- [restartedMain] o.s.b.d.a.OptionalLiveReloadServer       : LiveReload server is running on port 35729
2018-02-07 15:32:53.899  INFO 12500 --- [restartedMain] o.s.j.e.a.AnnotationMBeanExporter        : Registering beans for JMX exposure on startup
2018-02-07 15:32:53.963  INFO 12500 --- [restartedMain] s.b.c.e.t.TomcatEmbeddedServletContainer : Tomcat started on port(s): 9000 (http)
2018-02-07 15:32:53.969  INFO 12500 --- [restartedMain] org.camunda.bpm.engine.jobexecutor       : ENGINE-14014 Starting up the JobExecutor[org.camunda.bpm.engine.spring.components.jobexecutor.SpringJobExecutor].
2018-02-07 15:32:53.973  INFO 12500 --- [JobExecutor[org.camunda.bpm.engine.spring.components.jobexecutor.SpringJobExecutor]] org.camunda.bpm.engine.jobexecutor       : ENGINE-14018 JobExecutor[org.camunda.bpm.engine.spring.components.jobexecutor.SpringJobExecutor] starting to acquire jobs
2018-02-07 15:32:53.973  INFO 12500 --- [restartedMain] com.el.excute.ExcuteApplication          : Started ExcuteApplication in 8.786 seconds (JVM running for 9.375)
