2018-02-07 15:34:40.966  INFO 5400 --- [restartedMain] com.el.excute.ExcuteApplication          : Starting ExcuteApplication on fox with PID 5400 (D:\IdeaWorkSpace\el-xxx-excute\build\classes\main started by 刁丹峰-PC in D:\IdeaWorkSpace\el-xxx-excute)
2018-02-07 15:34:40.968 DEBUG 5400 --- [restartedMain] com.el.excute.ExcuteApplication          : Running with Spring Boot v1.5.9.RELEASE, Spring v4.3.13.RELEASE
2018-02-07 15:34:40.969  INFO 5400 --- [restartedMain] com.el.excute.ExcuteApplication          : The following profiles are active: dev,prod
2018-02-07 15:34:41.317  INFO 5400 --- [restartedMain] ationConfigEmbeddedWebApplicationContext : Refreshing org.springframework.boot.context.embedded.AnnotationConfigEmbeddedWebApplicationContext@1b112cb9: startup date [Wed Feb 07 15:34:41 CST 2018]; root of context hierarchy
2018-02-07 15:34:42.205  WARN 5400 --- [restartedMain] o.m.s.mapper.ClassPathMapperScanner      : No MyBatis mapper was found in '[com.el.excute]' package. Please check your configuration.
2018-02-07 15:34:42.306  WARN 5400 --- [restartedMain] o.s.c.a.ConfigurationClassPostProcessor  : Cannot enhance @Configuration bean definition 'customJdbcConfig' since its singleton instance has been created too early. The typical cause is a non-static @Bean method with a BeanDefinitionRegistryPostProcessor return type: Consider declaring such methods as 'static'.
2018-02-07 15:34:42.849  INFO 5400 --- [restartedMain] com.el.excute.jdbc.MybatisConfig         : [CORE-JDBC] dataSource: ConnectionPool[defaultAutoCommit=false; defaultReadOnly=null; defaultTransactionIsolation=-1; defaultCatalog=null; driverClassName=com.mysql.jdbc.Driver; maxActive=200; maxIdle=100; minIdle=20; initialSize=20; maxWait=10000; testOnBorrow=true; testOnReturn=false; timeBetweenEvictionRunsMillis=60000; numTestsPerEvictionRun=0; minEvictableIdleTimeMillis=60000; testWhileIdle=true; testOnConnect=true; password=********; url=jdbc:mysql://localhost:3306/xxx_excute?useSSL=false&characterEncoding=utf8; username=root; validationQuery=SELECT 1; validationQueryTimeout=-1; validatorClassName=null; validationInterval=30000; accessToUnderlyingConnectionAllowed=true; removeAbandoned=true; removeAbandonedTimeout=40; logAbandoned=true; connectionProperties=null; initSQL=null; jdbcInterceptors=ConnectionState;StatementFinalizer; jmxEnabled=false; fairQueue=true; useEquals=true; abandonWhenPercentageFull=0; maxAge=0; useLock=false; dataSource=null; dataSourceJNDI=null; suspectTimeout=0; alternateUsernameAllowed=false; commitOnReturn=false; rollbackOnReturn=false; useDisposableConnectionFacade=true; logValidationErrors=true; propagateInterruptState=false; ignoreExceptionOnPreLoad=false; useStatementFacade=true; 
2018-02-07 15:34:43.481  INFO 5400 --- [restartedMain] s.b.c.e.t.TomcatEmbeddedServletContainer : Tomcat initialized with port(s): 9000 (http)
2018-02-07 15:34:43.496  INFO 5400 --- [restartedMain] o.apache.catalina.core.StandardService   : Starting service [Tomcat]
2018-02-07 15:34:43.498  INFO 5400 --- [restartedMain] org.apache.catalina.core.StandardEngine  : Starting Servlet Engine: Apache Tomcat/8.5.23
2018-02-07 15:34:43.663  INFO 5400 --- [localhost-startStop-1] o.a.c.c.C.[Tomcat].[localhost].[/]       : Initializing Spring embedded WebApplicationContext
2018-02-07 15:34:43.663  INFO 5400 --- [localhost-startStop-1] o.s.web.context.ContextLoader            : Root WebApplicationContext: initialization completed in 2346 ms
2018-02-07 15:34:43.818  INFO 5400 --- [localhost-startStop-1] o.s.b.w.servlet.ServletRegistrationBean  : Mapping servlet: 'dispatcherServlet' to [/]
2018-02-07 15:34:43.821  INFO 5400 --- [localhost-startStop-1] o.s.b.w.servlet.FilterRegistrationBean   : Mapping filter: 'characterEncodingFilter' to: [/*]
2018-02-07 15:34:43.821  INFO 5400 --- [localhost-startStop-1] o.s.b.w.servlet.FilterRegistrationBean   : Mapping filter: 'hiddenHttpMethodFilter' to: [/*]
2018-02-07 15:34:43.821  INFO 5400 --- [localhost-startStop-1] o.s.b.w.servlet.FilterRegistrationBean   : Mapping filter: 'httpPutFormContentFilter' to: [/*]
2018-02-07 15:34:43.821  INFO 5400 --- [localhost-startStop-1] o.s.b.w.servlet.FilterRegistrationBean   : Mapping filter: 'requestContextFilter' to: [/*]
2018-02-07 15:34:43.853  INFO 5400 --- [restartedMain] com.el.excute.jdbc.CustomJdbcConfig      : [CUST-JDBC] purifyStringTypeHandler
2018-02-07 15:34:43.861  INFO 5400 --- [restartedMain] com.el.excute.jdbc.CustomJdbcConfig      : [CUST-JDBC] booleanTypeHandler
2018-02-07 15:34:43.869  INFO 5400 --- [restartedMain] com.el.excute.jdbc.MybatisConfig         : [CORE-JDBC] sqlSessionFactory
2018-02-07 15:34:43.913  INFO 5400 --- [restartedMain] com.el.excute.jdbc.MybatisConfig         : [CORE-JDBC] sqlSessionTemplate
2018-02-07 15:34:44.365  INFO 5400 --- [restartedMain] s.w.s.m.m.a.RequestMappingHandlerAdapter : Looking for @ControllerAdvice: org.springframework.boot.context.embedded.AnnotationConfigEmbeddedWebApplicationContext@1b112cb9: startup date [Wed Feb 07 15:34:41 CST 2018]; root of context hierarchy
2018-02-07 15:34:44.451  INFO 5400 --- [restartedMain] s.w.s.m.m.a.RequestMappingHandlerMapping : Mapped "{[/error]}" onto public org.springframework.http.ResponseEntity<java.util.Map<java.lang.String, java.lang.Object>> org.springframework.boot.autoconfigure.web.BasicErrorController.error(javax.servlet.http.HttpServletRequest)
2018-02-07 15:34:44.453  INFO 5400 --- [restartedMain] s.w.s.m.m.a.RequestMappingHandlerMapping : Mapped "{[/error],produces=[text/html]}" onto public org.springframework.web.servlet.ModelAndView org.springframework.boot.autoconfigure.web.BasicErrorController.errorHtml(javax.servlet.http.HttpServletRequest,javax.servlet.http.HttpServletResponse)
2018-02-07 15:34:44.489  INFO 5400 --- [restartedMain] o.s.w.s.handler.SimpleUrlHandlerMapping  : Mapped URL path [/webjars/**] onto handler of type [class org.springframework.web.servlet.resource.ResourceHttpRequestHandler]
2018-02-07 15:34:44.489  INFO 5400 --- [restartedMain] o.s.w.s.handler.SimpleUrlHandlerMapping  : Mapped URL path [/**] onto handler of type [class org.springframework.web.servlet.resource.ResourceHttpRequestHandler]
2018-02-07 15:34:44.536  INFO 5400 --- [restartedMain] o.s.w.s.handler.SimpleUrlHandlerMapping  : Mapped URL path [/**/favicon.ico] onto handler of type [class org.springframework.web.servlet.resource.ResourceHttpRequestHandler]
2018-02-07 15:34:44.816  INFO 5400 --- [restartedMain] org.camunda.bpm.spring.boot              : STARTER-SB040 Setting up jobExecutor with pool-size 1
2018-02-07 15:34:44.824  INFO 5400 --- [restartedMain] o.s.s.concurrent.ThreadPoolTaskExecutor  : Initializing ExecutorService  'camundaTaskExecutor'
2018-02-07 15:34:44.945  INFO 5400 --- [restartedMain] org.camunda.bpm.engine.cfg               : ENGINE-12003 Plugin 'CompositeProcessEnginePlugin[genericPropertiesConfiguration, camundaProcessEngineConfiguration, camundaDatasourceConfiguration, camundaJobConfiguration, camundaHistoryConfiguration, camundaMetricsConfiguration, camundaAuthorizationConfiguration, camundaDeploymentConfiguration, failedJobConfiguration]' activated on process engine 'default'
2018-02-07 15:34:46.239  INFO 5400 --- [restartedMain] org.camunda.bpm.spring.boot              : STARTER-SB021 Auto-Deploying resources: []
2018-02-07 15:34:49.042  INFO 5400 --- [restartedMain] org.camunda.bpm.engine                   : ENGINE-00001 Process Engine default created.
2018-02-07 15:34:49.531  INFO 5400 --- [restartedMain] o.s.b.d.a.OptionalLiveReloadServer       : LiveReload server is running on port 35729
2018-02-07 15:34:49.601  INFO 5400 --- [restartedMain] o.s.j.e.a.AnnotationMBeanExporter        : Registering beans for JMX exposure on startup
2018-02-07 15:34:49.657  INFO 5400 --- [restartedMain] s.b.c.e.t.TomcatEmbeddedServletContainer : Tomcat started on port(s): 9000 (http)
2018-02-07 15:34:49.661  INFO 5400 --- [restartedMain] org.camunda.bpm.engine.jobexecutor       : ENGINE-14014 Starting up the JobExecutor[org.camunda.bpm.engine.spring.components.jobexecutor.SpringJobExecutor].
2018-02-07 15:34:49.663  INFO 5400 --- [JobExecutor[org.camunda.bpm.engine.spring.components.jobexecutor.SpringJobExecutor]] org.camunda.bpm.engine.jobexecutor       : ENGINE-14018 JobExecutor[org.camunda.bpm.engine.spring.components.jobexecutor.SpringJobExecutor] starting to acquire jobs
2018-02-07 15:34:49.663  INFO 5400 --- [restartedMain] com.el.excute.ExcuteApplication          : Started ExcuteApplication in 9.115 seconds (JVM running for 9.69)
2018-02-07 15:36:05.025  INFO 2900 --- [restartedMain] com.el.excute.ExcuteApplication          : Starting ExcuteApplication on fox with PID 2900 (D:\IdeaWorkSpace\el-xxx-excute\build\classes\main started by 刁丹峰-PC in D:\IdeaWorkSpace\el-xxx-excute)
2018-02-07 15:36:05.028  INFO 2900 --- [restartedMain] com.el.excute.ExcuteApplication          : The following profiles are active: dev,prod
2018-02-07 15:36:05.342  INFO 2900 --- [restartedMain] ationConfigEmbeddedWebApplicationContext : Refreshing org.springframework.boot.context.embedded.AnnotationConfigEmbeddedWebApplicationContext@3f39f5b3: startup date [Wed Feb 07 15:36:05 CST 2018]; root of context hierarchy
2018-02-07 15:36:06.375  WARN 2900 --- [restartedMain] o.m.s.mapper.ClassPathMapperScanner      : No MyBatis mapper was found in '[com.el.excute]' package. Please check your configuration.
2018-02-07 15:36:06.469  WARN 2900 --- [restartedMain] o.s.c.a.ConfigurationClassPostProcessor  : Cannot enhance @Configuration bean definition 'customJdbcConfig' since its singleton instance has been created too early. The typical cause is a non-static @Bean method with a BeanDefinitionRegistryPostProcessor return type: Consider declaring such methods as 'static'.
2018-02-07 15:36:07.027  INFO 2900 --- [restartedMain] com.el.excute.jdbc.MybatisConfig         : [CORE-JDBC] dataSource: ConnectionPool[defaultAutoCommit=false; defaultReadOnly=null; defaultTransactionIsolation=-1; defaultCatalog=null; driverClassName=com.mysql.jdbc.Driver; maxActive=200; maxIdle=100; minIdle=20; initialSize=20; maxWait=10000; testOnBorrow=true; testOnReturn=false; timeBetweenEvictionRunsMillis=60000; numTestsPerEvictionRun=0; minEvictableIdleTimeMillis=60000; testWhileIdle=true; testOnConnect=true; password=********; url=jdbc:mysql://localhost:3306/xxx_excute?useSSL=false&characterEncoding=utf8; username=root; validationQuery=SELECT 1; validationQueryTimeout=-1; validatorClassName=null; validationInterval=30000; accessToUnderlyingConnectionAllowed=true; removeAbandoned=true; removeAbandonedTimeout=40; logAbandoned=true; connectionProperties=null; initSQL=null; jdbcInterceptors=ConnectionState;StatementFinalizer; jmxEnabled=false; fairQueue=true; useEquals=true; abandonWhenPercentageFull=0; maxAge=0; useLock=false; dataSource=null; dataSourceJNDI=null; suspectTimeout=0; alternateUsernameAllowed=false; commitOnReturn=false; rollbackOnReturn=false; useDisposableConnectionFacade=true; logValidationErrors=true; propagateInterruptState=false; ignoreExceptionOnPreLoad=false; useStatementFacade=true; 
2018-02-07 15:36:07.593  INFO 2900 --- [restartedMain] s.b.c.e.t.TomcatEmbeddedServletContainer : Tomcat initialized with port(s): 9000 (http)
2018-02-07 15:36:07.612  INFO 2900 --- [restartedMain] o.apache.catalina.core.StandardService   : Starting service [Tomcat]
2018-02-07 15:36:07.614  INFO 2900 --- [restartedMain] org.apache.catalina.core.StandardEngine  : Starting Servlet Engine: Apache Tomcat/8.5.23
2018-02-07 15:36:07.762  INFO 2900 --- [localhost-startStop-1] o.a.c.c.C.[Tomcat].[localhost].[/]       : Initializing Spring embedded WebApplicationContext
2018-02-07 15:36:07.762  INFO 2900 --- [localhost-startStop-1] o.s.web.context.ContextLoader            : Root WebApplicationContext: initialization completed in 2420 ms
2018-02-07 15:36:07.934  INFO 2900 --- [localhost-startStop-1] o.s.b.w.servlet.ServletRegistrationBean  : Mapping servlet: 'dispatcherServlet' to [/]
2018-02-07 15:36:07.938  INFO 2900 --- [localhost-startStop-1] o.s.b.w.servlet.FilterRegistrationBean   : Mapping filter: 'characterEncodingFilter' to: [/*]
2018-02-07 15:36:07.938  INFO 2900 --- [localhost-startStop-1] o.s.b.w.servlet.FilterRegistrationBean   : Mapping filter: 'hiddenHttpMethodFilter' to: [/*]
2018-02-07 15:36:07.938  INFO 2900 --- [localhost-startStop-1] o.s.b.w.servlet.FilterRegistrationBean   : Mapping filter: 'httpPutFormContentFilter' to: [/*]
2018-02-07 15:36:07.938  INFO 2900 --- [localhost-startStop-1] o.s.b.w.servlet.FilterRegistrationBean   : Mapping filter: 'requestContextFilter' to: [/*]
2018-02-07 15:36:07.973  INFO 2900 --- [restartedMain] com.el.excute.jdbc.CustomJdbcConfig      : [CUST-JDBC] purifyStringTypeHandler
2018-02-07 15:36:07.982  INFO 2900 --- [restartedMain] com.el.excute.jdbc.CustomJdbcConfig      : [CUST-JDBC] booleanTypeHandler
2018-02-07 15:36:07.992  INFO 2900 --- [restartedMain] com.el.excute.jdbc.MybatisConfig         : [CORE-JDBC] sqlSessionFactory
2018-02-07 15:36:08.035  INFO 2900 --- [restartedMain] com.el.excute.jdbc.MybatisConfig         : [CORE-JDBC] sqlSessionTemplate
2018-02-07 15:36:08.467  INFO 2900 --- [restartedMain] s.w.s.m.m.a.RequestMappingHandlerAdapter : Looking for @ControllerAdvice: org.springframework.boot.context.embedded.AnnotationConfigEmbeddedWebApplicationContext@3f39f5b3: startup date [Wed Feb 07 15:36:05 CST 2018]; root of context hierarchy
2018-02-07 15:36:08.550  INFO 2900 --- [restartedMain] s.w.s.m.m.a.RequestMappingHandlerMapping : Mapped "{[/error]}" onto public org.springframework.http.ResponseEntity<java.util.Map<java.lang.String, java.lang.Object>> org.springframework.boot.autoconfigure.web.BasicErrorController.error(javax.servlet.http.HttpServletRequest)
2018-02-07 15:36:08.551  INFO 2900 --- [restartedMain] s.w.s.m.m.a.RequestMappingHandlerMapping : Mapped "{[/error],produces=[text/html]}" onto public org.springframework.web.servlet.ModelAndView org.springframework.boot.autoconfigure.web.BasicErrorController.errorHtml(javax.servlet.http.HttpServletRequest,javax.servlet.http.HttpServletResponse)
2018-02-07 15:36:08.580  INFO 2900 --- [restartedMain] o.s.w.s.handler.SimpleUrlHandlerMapping  : Mapped URL path [/webjars/**] onto handler of type [class org.springframework.web.servlet.resource.ResourceHttpRequestHandler]
2018-02-07 15:36:08.581  INFO 2900 --- [restartedMain] o.s.w.s.handler.SimpleUrlHandlerMapping  : Mapped URL path [/**] onto handler of type [class org.springframework.web.servlet.resource.ResourceHttpRequestHandler]
2018-02-07 15:36:08.625  INFO 2900 --- [restartedMain] o.s.w.s.handler.SimpleUrlHandlerMapping  : Mapped URL path [/**/favicon.ico] onto handler of type [class org.springframework.web.servlet.resource.ResourceHttpRequestHandler]
2018-02-07 15:36:08.849  INFO 2900 --- [restartedMain] org.camunda.bpm.spring.boot              : STARTER-SB040 Setting up jobExecutor with pool-size 1
2018-02-07 15:36:08.858  INFO 2900 --- [restartedMain] o.s.s.concurrent.ThreadPoolTaskExecutor  : Initializing ExecutorService  'camundaTaskExecutor'
2018-02-07 15:36:08.979  INFO 2900 --- [restartedMain] org.camunda.bpm.engine.cfg               : ENGINE-12003 Plugin 'CompositeProcessEnginePlugin[genericPropertiesConfiguration, camundaProcessEngineConfiguration, camundaDatasourceConfiguration, camundaJobConfiguration, camundaHistoryConfiguration, camundaMetricsConfiguration, camundaAuthorizationConfiguration, camundaDeploymentConfiguration, failedJobConfiguration]' activated on process engine 'default'
2018-02-07 15:36:10.098  INFO 2900 --- [restartedMain] org.camunda.bpm.spring.boot              : STARTER-SB021 Auto-Deploying resources: []
2018-02-07 15:36:12.739  INFO 2900 --- [restartedMain] org.camunda.bpm.engine                   : ENGINE-00001 Process Engine default created.
2018-02-07 15:36:13.184  INFO 2900 --- [restartedMain] o.s.b.d.a.OptionalLiveReloadServer       : LiveReload server is running on port 35729
2018-02-07 15:36:13.262  INFO 2900 --- [restartedMain] o.s.j.e.a.AnnotationMBeanExporter        : Registering beans for JMX exposure on startup
2018-02-07 15:36:13.321  INFO 2900 --- [restartedMain] s.b.c.e.t.TomcatEmbeddedServletContainer : Tomcat started on port(s): 9000 (http)
2018-02-07 15:36:13.326  INFO 2900 --- [restartedMain] org.camunda.bpm.engine.jobexecutor       : ENGINE-14014 Starting up the JobExecutor[org.camunda.bpm.engine.spring.components.jobexecutor.SpringJobExecutor].
2018-02-07 15:36:13.328  INFO 2900 --- [JobExecutor[org.camunda.bpm.engine.spring.components.jobexecutor.SpringJobExecutor]] org.camunda.bpm.engine.jobexecutor       : ENGINE-14018 JobExecutor[org.camunda.bpm.engine.spring.components.jobexecutor.SpringJobExecutor] starting to acquire jobs
2018-02-07 15:36:13.329  INFO 2900 --- [restartedMain] com.el.excute.ExcuteApplication          : Started ExcuteApplication in 8.778 seconds (JVM running for 9.467)
